 
Capture PRE reboot for Server lin03.test.lab ON Sat Jun  8 20:52:36 IST 2019
--------------------------------------------------------------- 
 
#########  UPTIME STATUS ######## 
 20:52:36 up 3 min,  1 user,  load average: 0.13, 0.14, 0.06
 
####### RELEASE INFO ########
Linux lin03.test.lab 3.10.0-957.el7.x86_64 #1 SMP Thu Nov 8 23:39:32 UTC 2018 x86_64 x86_64 x86_64 GNU/Linux
NAME="CentOS Linux"
VERSION="7 (Core)"
ID="centos"
ID_LIKE="rhel fedora"
VERSION_ID="7"
PRETTY_NAME="CentOS Linux 7 (Core)"
ANSI_COLOR="0;31"
CPE_NAME="cpe:/o:centos:centos:7"
HOME_URL="https://www.centos.org/"
BUG_REPORT_URL="https://bugs.centos.org/"

CENTOS_MANTISBT_PROJECT="CentOS-7"
CENTOS_MANTISBT_PROJECT_VERSION="7"
REDHAT_SUPPORT_PRODUCT="centos"
REDHAT_SUPPORT_PRODUCT_VERSION="7"

 
########## CPU INFO ##############
processor	: 0
model name	: Intel Core Processor (Broadwell, IBRS)
cpu MHz		: 2294.688
cpu cores	: 1
 
########## MEMORY INFO ##############
              total        used        free      shared  buff/cache   available
Mem:              0           0           0           0           0           0
Swap:             0           0           0
 
######### DISK & FILESYSTEM CONFIG INFO ###########
Filesystem              Type      Size  Used Avail Use% Mounted on
/dev/mapper/centos-root xfs       3.5G  1.1G  2.5G  31% /
devtmpfs                devtmpfs  484M     0  484M   0% /dev
tmpfs                   tmpfs     496M     0  496M   0% /dev/shm
tmpfs                   tmpfs     496M  6.8M  489M   2% /run
tmpfs                   tmpfs     496M     0  496M   0% /sys/fs/cgroup
/dev/vda1               xfs      1014M  133M  882M  14% /boot
tmpfs                   tmpfs     100M     0  100M   0% /run/user/1000
 
######### Number of mounted filesystems ###########
NumberofMounts:8
 
######### capture sysctl output ###########
abi.vsyscall32 = 1
crypto.fips_enabled = 0
debug.exception-trace = 1
debug.kprobes-optimization = 1
debug.panic_on_rcu_stall = 0
dev.cdrom.autoclose = 1
dev.cdrom.autoeject = 0
dev.cdrom.check_media = 0
dev.cdrom.debug = 0
dev.cdrom.info = CD-ROM information, Id: cdrom.c 3.20 2003/12/17
dev.cdrom.info = 
dev.cdrom.info = drive name:		sr0
dev.cdrom.info = drive speed:		4
dev.cdrom.info = drive # of slots:	1
dev.cdrom.info = Can close tray:		1
dev.cdrom.info = Can open tray:		1
dev.cdrom.info = Can lock tray:		1
dev.cdrom.info = Can change speed:	1
dev.cdrom.info = Can select disk:	0
dev.cdrom.info = Can read multisession:	1
dev.cdrom.info = Can read MCN:		1
dev.cdrom.info = Reports media changed:	1
dev.cdrom.info = Can play audio:		1
dev.cdrom.info = Can write CD-R:		0
dev.cdrom.info = Can write CD-RW:	0
dev.cdrom.info = Can read DVD:		1
dev.cdrom.info = Can write DVD-R:	0
dev.cdrom.info = Can write DVD-RAM:	0
dev.cdrom.info = Can read MRW:		1
dev.cdrom.info = Can write MRW:		1
dev.cdrom.info = Can write RAM:		1
dev.cdrom.info = 
dev.cdrom.info = 
dev.cdrom.lock = 1
dev.hpet.max-user-freq = 64
dev.mac_hid.mouse_button2_keycode = 97
dev.mac_hid.mouse_button3_keycode = 100
dev.mac_hid.mouse_button_emulation = 0
dev.parport.default.spintime = 500
dev.parport.default.timeslice = 200
dev.raid.speed_limit_max = 200000
dev.raid.speed_limit_min = 1000
dev.scsi.logging_level = 0
fs.aio-max-nr = 65536
fs.aio-nr = 0
fs.binfmt_misc.status = enabled
fs.dentry-state = 24121	10940	45	0	0	0
fs.dir-notify-enable = 1
fs.epoll.max_user_watches = 202915
fs.file-max = 97763
fs.file-nr = 1184	0	97763
fs.inode-nr = 18218	311
fs.inode-state = 18218	311	0	0	0	0	0
fs.inotify.max_queued_events = 16384
fs.inotify.max_user_instances = 128
fs.inotify.max_user_watches = 8192
fs.lease-break-time = 45
fs.leases-enable = 1
fs.may_detach_mounts = 0
fs.mount-max = 100000
fs.mqueue.msg_default = 10
fs.mqueue.msg_max = 10
fs.mqueue.msgsize_default = 8192
fs.mqueue.msgsize_max = 8192
fs.mqueue.queues_max = 256
fs.nr_open = 1048576
fs.overflowgid = 65534
fs.overflowuid = 65534
fs.pipe-max-size = 1048576
fs.pipe-user-pages-hard = 0
fs.pipe-user-pages-soft = 16384
fs.protected_hardlinks = 1
fs.protected_symlinks = 1
fs.quota.allocated_dquots = 0
fs.quota.cache_hits = 0
fs.quota.drops = 0
fs.quota.free_dquots = 0
fs.quota.lookups = 0
fs.quota.reads = 0
fs.quota.syncs = 0
fs.quota.warnings = 1
fs.quota.writes = 0
fs.suid_dumpable = 0
fs.xfs.age_buffer_centisecs = 1500
fs.xfs.error_level = 3
fs.xfs.filestream_centisecs = 3000
fs.xfs.inherit_noatime = 1
fs.xfs.inherit_nodefrag = 1
fs.xfs.inherit_nodump = 1
fs.xfs.inherit_nosymlinks = 0
fs.xfs.inherit_sync = 1
fs.xfs.irix_sgid_inherit = 0
fs.xfs.irix_symlink_mode = 0
fs.xfs.panic_mask = 0
fs.xfs.rotorstep = 1
fs.xfs.speculative_prealloc_lifetime = 300
fs.xfs.stats_clear = 0
fs.xfs.xfsbufd_centisecs = 100
fs.xfs.xfssyncd_centisecs = 3000
kernel.acct = 4	2	30
kernel.acpi_video_flags = 0
kernel.auto_msgmni = 1
kernel.bootloader_type = 114
kernel.bootloader_version = 2
kernel.cad_pid = 1
kernel.cap_last_cap = 36
kernel.compat-log = 1
kernel.core_pattern = core
kernel.core_pipe_limit = 0
kernel.core_uses_pid = 1
kernel.ctrl-alt-del = 0
kernel.dmesg_restrict = 0
kernel.domainname = (none)
kernel.ftrace_dump_on_oops = 0
kernel.ftrace_enabled = 1
kernel.hardlockup_all_cpu_backtrace = 0
kernel.hardlockup_panic = 1
kernel.hostname = lin03.test.lab
kernel.hotplug = 
kernel.hung_task_check_count = 4194304
kernel.hung_task_panic = 0
kernel.hung_task_timeout_secs = 120
kernel.hung_task_warnings = 10
kernel.io_delay_type = 0
kernel.kexec_load_disabled = 0
kernel.keys.gc_delay = 300
kernel.keys.maxbytes = 20000
kernel.keys.maxkeys = 200
kernel.keys.persistent_keyring_expiry = 259200
kernel.keys.root_maxbytes = 25000000
kernel.keys.root_maxkeys = 1000000
kernel.kptr_restrict = 0
kernel.max_lock_depth = 1024
kernel.modprobe = /sbin/modprobe
kernel.modules_disabled = 0
kernel.msg_next_id = -1
kernel.msgmax = 8192
kernel.msgmnb = 16384
kernel.msgmni = 1976
kernel.ngroups_max = 65536
kernel.nmi_watchdog = 1
kernel.ns_last_pid = 4030
kernel.numa_balancing = 0
kernel.numa_balancing_scan_delay_ms = 1000
kernel.numa_balancing_scan_period_max_ms = 60000
kernel.numa_balancing_scan_period_min_ms = 1000
kernel.numa_balancing_scan_size_mb = 256
kernel.numa_balancing_settle_count = 4
kernel.osrelease = 3.10.0-957.el7.x86_64
kernel.ostype = Linux
kernel.overflowgid = 65534
kernel.overflowuid = 65534
kernel.panic = 0
kernel.panic_on_io_nmi = 0
kernel.panic_on_oops = 1
kernel.panic_on_stackoverflow = 0
kernel.panic_on_unrecovered_nmi = 0
kernel.panic_on_warn = 0
kernel.perf_cpu_time_max_percent = 25
kernel.perf_event_max_sample_rate = 100000
kernel.perf_event_mlock_kb = 516
kernel.perf_event_paranoid = 2
kernel.pid_max = 32768
kernel.poweroff_cmd = /sbin/poweroff
kernel.print-fatal-signals = 0
kernel.printk = 4	4	1	7
kernel.printk_delay = 0
kernel.printk_ratelimit = 5
kernel.printk_ratelimit_burst = 10
kernel.pty.max = 4096
kernel.pty.nr = 1
kernel.pty.reserve = 1024
kernel.random.boot_id = c23d0089-ecbc-4859-b213-a3c1ba8e3591
kernel.random.entropy_avail = 1106
kernel.random.poolsize = 4096
kernel.random.read_wakeup_threshold = 64
kernel.random.urandom_min_reseed_secs = 60
kernel.random.uuid = 2f262782-3684-468d-95c0-87501c7d866d
kernel.random.write_wakeup_threshold = 896
kernel.randomize_va_space = 2
kernel.real-root-dev = 0
kernel.sched_autogroup_enabled = 0
kernel.sched_cfs_bandwidth_slice_us = 5000
kernel.sched_child_runs_first = 0
kernel.sched_latency_ns = 6000000
kernel.sched_migration_cost_ns = 500000
kernel.sched_min_granularity_ns = 10000000
kernel.sched_nr_migrate = 32
kernel.sched_rr_timeslice_ms = 100
kernel.sched_rt_period_us = 1000000
kernel.sched_rt_runtime_us = 950000
kernel.sched_schedstats = 0
kernel.sched_shares_window_ns = 10000000
kernel.sched_time_avg_ms = 1000
kernel.sched_tunable_scaling = 1
kernel.sched_wakeup_granularity_ns = 15000000
kernel.seccomp.actions_avail = kill trap errno trace allow
kernel.seccomp.actions_logged = kill trap errno trace
kernel.sem = 250	32000	32	128
kernel.sem_next_id = -1
kernel.shm_next_id = -1
kernel.shm_rmid_forced = 0
kernel.shmall = 18446744073692774399
kernel.shmmax = 18446744073692774399
kernel.shmmni = 4096
kernel.softlockup_all_cpu_backtrace = 0
kernel.softlockup_panic = 0
kernel.stack_tracer_enabled = 0
kernel.sysctl_writes_strict = 1
kernel.sysrq = 16
kernel.tainted = 0
kernel.threads-max = 7740
kernel.timer_migration = 1
kernel.traceoff_on_warning = 0
kernel.unknown_nmi_panic = 0
kernel.usermodehelper.bset = 4294967295	31
kernel.usermodehelper.inheritable = 4294967295	31
kernel.version = #1 SMP Thu Nov 8 23:39:32 UTC 2018
kernel.watchdog = 1
kernel.watchdog_cpumask = 0
kernel.watchdog_thresh = 10
kernel.yama.ptrace_scope = 0
net.core.bpf_jit_enable = 1
net.core.bpf_jit_harden = 1
net.core.busy_poll = 0
net.core.busy_read = 0
net.core.default_qdisc = pfifo_fast
net.core.dev_weight = 64
net.core.dev_weight_rx_bias = 1
net.core.dev_weight_tx_bias = 1
net.core.message_burst = 10
net.core.message_cost = 5
net.core.netdev_budget = 300
net.core.netdev_max_backlog = 1000
net.core.netdev_rss_key = 00:00:00:00:00:00:00:00:00:00:00:00:00:00:00:00:00:00:00:00:00:00:00:00:00:00:00:00:00:00:00:00:00:00:00:00:00:00:00:00:00:00:00:00:00:00:00:00:00:00:00:00
net.core.netdev_tstamp_prequeue = 1
net.core.optmem_max = 20480
net.core.rmem_default = 212992
net.core.rmem_max = 212992
net.core.rps_sock_flow_entries = 0
net.core.somaxconn = 128
net.core.warnings = 1
net.core.wmem_default = 212992
net.core.wmem_max = 212992
net.core.xfrm_acq_expires = 30
net.core.xfrm_aevent_etime = 10
net.core.xfrm_aevent_rseqth = 2
net.core.xfrm_larval_drop = 1
net.ipv4.cipso_cache_bucket_size = 10
net.ipv4.cipso_cache_enable = 1
net.ipv4.cipso_rbm_optfmt = 0
net.ipv4.cipso_rbm_strictvalid = 1
net.ipv4.conf.all.accept_local = 0
net.ipv4.conf.all.accept_redirects = 1
net.ipv4.conf.all.accept_source_route = 0
net.ipv4.conf.all.arp_accept = 0
net.ipv4.conf.all.arp_announce = 0
net.ipv4.conf.all.arp_filter = 0
net.ipv4.conf.all.arp_ignore = 0
net.ipv4.conf.all.arp_notify = 0
net.ipv4.conf.all.bootp_relay = 0
net.ipv4.conf.all.disable_policy = 0
net.ipv4.conf.all.disable_xfrm = 0
net.ipv4.conf.all.force_igmp_version = 0
net.ipv4.conf.all.forwarding = 0
net.ipv4.conf.all.log_martians = 0
net.ipv4.conf.all.mc_forwarding = 0
net.ipv4.conf.all.medium_id = 0
net.ipv4.conf.all.promote_secondaries = 1
net.ipv4.conf.all.proxy_arp = 0
net.ipv4.conf.all.proxy_arp_pvlan = 0
net.ipv4.conf.all.route_localnet = 0
net.ipv4.conf.all.rp_filter = 1
net.ipv4.conf.all.secure_redirects = 1
net.ipv4.conf.all.send_redirects = 1
net.ipv4.conf.all.shared_media = 1
net.ipv4.conf.all.src_valid_mark = 0
net.ipv4.conf.all.tag = 0
net.ipv4.conf.default.accept_local = 0
net.ipv4.conf.default.accept_redirects = 1
net.ipv4.conf.default.accept_source_route = 0
net.ipv4.conf.default.arp_accept = 0
net.ipv4.conf.default.arp_announce = 0
net.ipv4.conf.default.arp_filter = 0
net.ipv4.conf.default.arp_ignore = 0
net.ipv4.conf.default.arp_notify = 0
net.ipv4.conf.default.bootp_relay = 0
net.ipv4.conf.default.disable_policy = 0
net.ipv4.conf.default.disable_xfrm = 0
net.ipv4.conf.default.force_igmp_version = 0
net.ipv4.conf.default.forwarding = 0
net.ipv4.conf.default.log_martians = 0
net.ipv4.conf.default.mc_forwarding = 0
net.ipv4.conf.default.medium_id = 0
net.ipv4.conf.default.promote_secondaries = 1
net.ipv4.conf.default.proxy_arp = 0
net.ipv4.conf.default.proxy_arp_pvlan = 0
net.ipv4.conf.default.route_localnet = 0
net.ipv4.conf.default.rp_filter = 1
net.ipv4.conf.default.secure_redirects = 1
net.ipv4.conf.default.send_redirects = 1
net.ipv4.conf.default.shared_media = 1
net.ipv4.conf.default.src_valid_mark = 0
net.ipv4.conf.default.tag = 0
net.ipv4.conf.eth0.accept_local = 0
net.ipv4.conf.eth0.accept_redirects = 1
net.ipv4.conf.eth0.accept_source_route = 0
net.ipv4.conf.eth0.arp_accept = 0
net.ipv4.conf.eth0.arp_announce = 0
net.ipv4.conf.eth0.arp_filter = 0
net.ipv4.conf.eth0.arp_ignore = 0
net.ipv4.conf.eth0.arp_notify = 0
net.ipv4.conf.eth0.bootp_relay = 0
net.ipv4.conf.eth0.disable_policy = 0
net.ipv4.conf.eth0.disable_xfrm = 0
net.ipv4.conf.eth0.force_igmp_version = 0
net.ipv4.conf.eth0.forwarding = 0
net.ipv4.conf.eth0.log_martians = 0
net.ipv4.conf.eth0.mc_forwarding = 0
net.ipv4.conf.eth0.medium_id = 0
net.ipv4.conf.eth0.promote_secondaries = 1
net.ipv4.conf.eth0.proxy_arp = 0
net.ipv4.conf.eth0.proxy_arp_pvlan = 0
net.ipv4.conf.eth0.route_localnet = 0
net.ipv4.conf.eth0.rp_filter = 1
net.ipv4.conf.eth0.secure_redirects = 1
net.ipv4.conf.eth0.send_redirects = 1
net.ipv4.conf.eth0.shared_media = 1
net.ipv4.conf.eth0.src_valid_mark = 0
net.ipv4.conf.eth0.tag = 0
net.ipv4.conf.lo.accept_local = 0
net.ipv4.conf.lo.accept_redirects = 1
net.ipv4.conf.lo.accept_source_route = 1
net.ipv4.conf.lo.arp_accept = 0
net.ipv4.conf.lo.arp_announce = 0
net.ipv4.conf.lo.arp_filter = 0
net.ipv4.conf.lo.arp_ignore = 0
net.ipv4.conf.lo.arp_notify = 0
net.ipv4.conf.lo.bootp_relay = 0
net.ipv4.conf.lo.disable_policy = 1
net.ipv4.conf.lo.disable_xfrm = 1
net.ipv4.conf.lo.force_igmp_version = 0
net.ipv4.conf.lo.forwarding = 0
net.ipv4.conf.lo.log_martians = 0
net.ipv4.conf.lo.mc_forwarding = 0
net.ipv4.conf.lo.medium_id = 0
net.ipv4.conf.lo.promote_secondaries = 0
net.ipv4.conf.lo.proxy_arp = 0
net.ipv4.conf.lo.proxy_arp_pvlan = 0
net.ipv4.conf.lo.route_localnet = 0
net.ipv4.conf.lo.rp_filter = 0
net.ipv4.conf.lo.secure_redirects = 1
net.ipv4.conf.lo.send_redirects = 1
net.ipv4.conf.lo.shared_media = 1
net.ipv4.conf.lo.src_valid_mark = 0
net.ipv4.conf.lo.tag = 0
net.ipv4.fib_multipath_hash_policy = 0
net.ipv4.fwmark_reflect = 0
net.ipv4.icmp_echo_ignore_all = 0
net.ipv4.icmp_echo_ignore_broadcasts = 1
net.ipv4.icmp_errors_use_inbound_ifaddr = 0
net.ipv4.icmp_ignore_bogus_error_responses = 1
net.ipv4.icmp_msgs_burst = 50
net.ipv4.icmp_msgs_per_sec = 1000
net.ipv4.icmp_ratelimit = 1000
net.ipv4.icmp_ratemask = 6168
net.ipv4.igmp_max_memberships = 20
net.ipv4.igmp_max_msf = 10
net.ipv4.igmp_qrv = 2
net.ipv4.inet_peer_maxttl = 600
net.ipv4.inet_peer_minttl = 120
net.ipv4.inet_peer_threshold = 65664
net.ipv4.ip_default_ttl = 64
net.ipv4.ip_dynaddr = 0
net.ipv4.ip_early_demux = 1
net.ipv4.ip_forward = 0
net.ipv4.ip_forward_use_pmtu = 0
net.ipv4.ip_local_port_range = 32768	60999
net.ipv4.ip_local_reserved_ports = 
net.ipv4.ip_no_pmtu_disc = 0
net.ipv4.ip_nonlocal_bind = 0
net.ipv4.ipfrag_high_thresh = 4194304
net.ipv4.ipfrag_low_thresh = 3145728
net.ipv4.ipfrag_max_dist = 64
net.ipv4.ipfrag_secret_interval = 600
net.ipv4.ipfrag_time = 30
net.ipv4.neigh.default.anycast_delay = 100
net.ipv4.neigh.default.app_solicit = 0
net.ipv4.neigh.default.base_reachable_time_ms = 30000
net.ipv4.neigh.default.delay_first_probe_time = 5
net.ipv4.neigh.default.gc_interval = 30
net.ipv4.neigh.default.gc_stale_time = 60
net.ipv4.neigh.default.gc_thresh1 = 128
net.ipv4.neigh.default.gc_thresh2 = 512
net.ipv4.neigh.default.gc_thresh3 = 1024
net.ipv4.neigh.default.locktime = 100
net.ipv4.neigh.default.mcast_solicit = 3
net.ipv4.neigh.default.proxy_delay = 80
net.ipv4.neigh.default.proxy_qlen = 64
net.ipv4.neigh.default.retrans_time_ms = 1000
net.ipv4.neigh.default.ucast_solicit = 3
net.ipv4.neigh.default.unres_qlen = 31
net.ipv4.neigh.default.unres_qlen_bytes = 65536
net.ipv4.neigh.eth0.anycast_delay = 100
net.ipv4.neigh.eth0.app_solicit = 0
net.ipv4.neigh.eth0.base_reachable_time_ms = 30000
net.ipv4.neigh.eth0.delay_first_probe_time = 5
net.ipv4.neigh.eth0.gc_stale_time = 60
net.ipv4.neigh.eth0.locktime = 100
net.ipv4.neigh.eth0.mcast_solicit = 3
net.ipv4.neigh.eth0.proxy_delay = 80
net.ipv4.neigh.eth0.proxy_qlen = 64
net.ipv4.neigh.eth0.retrans_time_ms = 1000
net.ipv4.neigh.eth0.ucast_solicit = 3
net.ipv4.neigh.eth0.unres_qlen = 31
net.ipv4.neigh.eth0.unres_qlen_bytes = 65536
net.ipv4.neigh.lo.anycast_delay = 100
net.ipv4.neigh.lo.app_solicit = 0
net.ipv4.neigh.lo.base_reachable_time_ms = 30000
net.ipv4.neigh.lo.delay_first_probe_time = 5
net.ipv4.neigh.lo.gc_stale_time = 60
net.ipv4.neigh.lo.locktime = 100
net.ipv4.neigh.lo.mcast_solicit = 3
net.ipv4.neigh.lo.proxy_delay = 80
net.ipv4.neigh.lo.proxy_qlen = 64
net.ipv4.neigh.lo.retrans_time_ms = 1000
net.ipv4.neigh.lo.ucast_solicit = 3
net.ipv4.neigh.lo.unres_qlen = 31
net.ipv4.neigh.lo.unres_qlen_bytes = 65536
net.ipv4.ping_group_range = 1	0
net.ipv4.route.error_burst = 5000
net.ipv4.route.error_cost = 1000
net.ipv4.route.gc_elasticity = 8
net.ipv4.route.gc_interval = 60
net.ipv4.route.gc_min_interval = 0
net.ipv4.route.gc_min_interval_ms = 500
net.ipv4.route.gc_thresh = -1
net.ipv4.route.gc_timeout = 300
net.ipv4.route.max_size = 2147483647
net.ipv4.route.min_adv_mss = 256
net.ipv4.route.min_pmtu = 552
net.ipv4.route.mtu_expires = 600
net.ipv4.route.redirect_load = 20
net.ipv4.route.redirect_number = 9
net.ipv4.route.redirect_silence = 20480
net.ipv4.tcp_abort_on_overflow = 0
net.ipv4.tcp_adv_win_scale = 1
net.ipv4.tcp_allowed_congestion_control = cubic reno
net.ipv4.tcp_app_win = 31
net.ipv4.tcp_autocorking = 1
net.ipv4.tcp_available_congestion_control = cubic reno
net.ipv4.tcp_base_mss = 512
net.ipv4.tcp_challenge_ack_limit = 1000
net.ipv4.tcp_congestion_control = cubic
net.ipv4.tcp_dsack = 1
net.ipv4.tcp_early_retrans = 3
net.ipv4.tcp_ecn = 2
net.ipv4.tcp_fack = 1
net.ipv4.tcp_fastopen = 0
net.ipv4.tcp_fastopen_key = 00000000-00000000-00000000-00000000
net.ipv4.tcp_fin_timeout = 60
net.ipv4.tcp_frto = 2
net.ipv4.tcp_invalid_ratelimit = 500
net.ipv4.tcp_keepalive_intvl = 75
net.ipv4.tcp_keepalive_probes = 9
net.ipv4.tcp_keepalive_time = 7200
net.ipv4.tcp_limit_output_bytes = 262144
net.ipv4.tcp_low_latency = 0
net.ipv4.tcp_max_orphans = 4096
net.ipv4.tcp_max_ssthresh = 0
net.ipv4.tcp_max_syn_backlog = 128
net.ipv4.tcp_max_tw_buckets = 4096
net.ipv4.tcp_mem = 22134	29513	44268
net.ipv4.tcp_min_tso_segs = 2
net.ipv4.tcp_moderate_rcvbuf = 1
net.ipv4.tcp_mtu_probing = 0
net.ipv4.tcp_no_metrics_save = 0
net.ipv4.tcp_notsent_lowat = -1
net.ipv4.tcp_orphan_retries = 0
net.ipv4.tcp_reordering = 3
net.ipv4.tcp_retrans_collapse = 1
net.ipv4.tcp_retries1 = 3
net.ipv4.tcp_retries2 = 15
net.ipv4.tcp_rfc1337 = 0
net.ipv4.tcp_rmem = 4096	87380	6291456
net.ipv4.tcp_sack = 1
net.ipv4.tcp_slow_start_after_idle = 1
net.ipv4.tcp_stdurg = 0
net.ipv4.tcp_syn_retries = 6
net.ipv4.tcp_synack_retries = 5
net.ipv4.tcp_syncookies = 1
net.ipv4.tcp_thin_dupack = 0
net.ipv4.tcp_thin_linear_timeouts = 0
net.ipv4.tcp_timestamps = 1
net.ipv4.tcp_tso_win_divisor = 3
net.ipv4.tcp_tw_recycle = 0
net.ipv4.tcp_tw_reuse = 0
net.ipv4.tcp_window_scaling = 1
net.ipv4.tcp_wmem = 4096	16384	4194304
net.ipv4.tcp_workaround_signed_windows = 0
net.ipv4.udp_mem = 23220	30963	46440
net.ipv4.udp_rmem_min = 4096
net.ipv4.udp_wmem_min = 4096
net.ipv4.xfrm4_gc_thresh = 32768
net.ipv6.anycast_src_echo_reply = 0
net.ipv6.bindv6only = 0
net.ipv6.conf.all.accept_dad = 0
net.ipv6.conf.all.accept_ra = 1
net.ipv6.conf.all.accept_ra_defrtr = 1
net.ipv6.conf.all.accept_ra_pinfo = 1
net.ipv6.conf.all.accept_ra_rt_info_max_plen = 0
net.ipv6.conf.all.accept_ra_rtr_pref = 1
net.ipv6.conf.all.accept_redirects = 1
net.ipv6.conf.all.accept_source_route = 0
net.ipv6.conf.all.autoconf = 1
net.ipv6.conf.all.dad_transmits = 1
net.ipv6.conf.all.disable_ipv6 = 0
net.ipv6.conf.all.enhanced_dad = 1
net.ipv6.conf.all.force_mld_version = 0
net.ipv6.conf.all.force_tllao = 0
net.ipv6.conf.all.forwarding = 0
net.ipv6.conf.all.hop_limit = 64
net.ipv6.conf.all.keep_addr_on_down = 0
net.ipv6.conf.all.max_addresses = 16
net.ipv6.conf.all.max_desync_factor = 600
net.ipv6.conf.all.mc_forwarding = 0
net.ipv6.conf.all.mldv1_unsolicited_report_interval = 10000
net.ipv6.conf.all.mldv2_unsolicited_report_interval = 1000
net.ipv6.conf.all.mtu = 1280
net.ipv6.conf.all.ndisc_notify = 0
net.ipv6.conf.all.optimistic_dad = 0
net.ipv6.conf.all.proxy_ndp = 0
net.ipv6.conf.all.regen_max_retry = 3
net.ipv6.conf.all.router_probe_interval = 60
net.ipv6.conf.all.router_solicitation_delay = 1
net.ipv6.conf.all.router_solicitation_interval = 4
net.ipv6.conf.all.router_solicitations = 3
sysctl: reading key "net.ipv6.conf.all.stable_secret"
net.ipv6.conf.all.temp_prefered_lft = 86400
net.ipv6.conf.all.temp_valid_lft = 604800
net.ipv6.conf.all.use_optimistic = 0
net.ipv6.conf.all.use_tempaddr = 0
net.ipv6.conf.default.accept_dad = 1
net.ipv6.conf.default.accept_ra = 1
net.ipv6.conf.default.accept_ra_defrtr = 1
net.ipv6.conf.default.accept_ra_pinfo = 1
net.ipv6.conf.default.accept_ra_rt_info_max_plen = 0
net.ipv6.conf.default.accept_ra_rtr_pref = 1
net.ipv6.conf.default.accept_redirects = 1
net.ipv6.conf.default.accept_source_route = 0
net.ipv6.conf.default.autoconf = 1
net.ipv6.conf.default.dad_transmits = 1
net.ipv6.conf.default.disable_ipv6 = 0
net.ipv6.conf.default.enhanced_dad = 1
net.ipv6.conf.default.force_mld_version = 0
net.ipv6.conf.default.force_tllao = 0
net.ipv6.conf.default.forwarding = 0
net.ipv6.conf.default.hop_limit = 64
net.ipv6.conf.default.keep_addr_on_down = 0
net.ipv6.conf.default.max_addresses = 16
net.ipv6.conf.default.max_desync_factor = 600
net.ipv6.conf.default.mc_forwarding = 0
net.ipv6.conf.default.mldv1_unsolicited_report_interval = 10000
net.ipv6.conf.default.mldv2_unsolicited_report_interval = 1000
net.ipv6.conf.default.mtu = 1280
net.ipv6.conf.default.ndisc_notify = 0
net.ipv6.conf.default.optimistic_dad = 0
net.ipv6.conf.default.proxy_ndp = 0
net.ipv6.conf.default.regen_max_retry = 3
net.ipv6.conf.default.router_probe_interval = 60
net.ipv6.conf.default.router_solicitation_delay = 1
net.ipv6.conf.default.router_solicitation_interval = 4
net.ipv6.conf.default.router_solicitations = 3
sysctl: reading key "net.ipv6.conf.default.stable_secret"
net.ipv6.conf.default.temp_prefered_lft = 86400
net.ipv6.conf.default.temp_valid_lft = 604800
net.ipv6.conf.default.use_optimistic = 0
net.ipv6.conf.default.use_tempaddr = 0
net.ipv6.conf.eth0.accept_dad = 1
net.ipv6.conf.eth0.accept_ra = 1
net.ipv6.conf.eth0.accept_ra_defrtr = 0
net.ipv6.conf.eth0.accept_ra_pinfo = 0
net.ipv6.conf.eth0.accept_ra_rt_info_max_plen = 0
net.ipv6.conf.eth0.accept_ra_rtr_pref = 0
net.ipv6.conf.eth0.accept_redirects = 1
net.ipv6.conf.eth0.accept_source_route = 0
net.ipv6.conf.eth0.autoconf = 1
net.ipv6.conf.eth0.dad_transmits = 1
net.ipv6.conf.eth0.disable_ipv6 = 0
net.ipv6.conf.eth0.enhanced_dad = 1
net.ipv6.conf.eth0.force_mld_version = 0
net.ipv6.conf.eth0.force_tllao = 0
net.ipv6.conf.eth0.forwarding = 0
net.ipv6.conf.eth0.hop_limit = 64
net.ipv6.conf.eth0.keep_addr_on_down = 0
net.ipv6.conf.eth0.max_addresses = 16
net.ipv6.conf.eth0.max_desync_factor = 600
net.ipv6.conf.eth0.mc_forwarding = 0
net.ipv6.conf.eth0.mldv1_unsolicited_report_interval = 10000
net.ipv6.conf.eth0.mldv2_unsolicited_report_interval = 1000
net.ipv6.conf.eth0.mtu = 1500
net.ipv6.conf.eth0.ndisc_notify = 0
net.ipv6.conf.eth0.optimistic_dad = 0
net.ipv6.conf.eth0.proxy_ndp = 0
net.ipv6.conf.eth0.regen_max_retry = 3
net.ipv6.conf.eth0.router_probe_interval = 60
net.ipv6.conf.eth0.router_solicitation_delay = 1
net.ipv6.conf.eth0.router_solicitation_interval = 4
net.ipv6.conf.eth0.router_solicitations = 3
sysctl: reading key "net.ipv6.conf.eth0.stable_secret"
net.ipv6.conf.eth0.temp_prefered_lft = 86400
net.ipv6.conf.eth0.temp_valid_lft = 604800
net.ipv6.conf.eth0.use_optimistic = 0
net.ipv6.conf.eth0.use_tempaddr = 0
net.ipv6.conf.lo.accept_dad = -1
net.ipv6.conf.lo.accept_ra = 1
net.ipv6.conf.lo.accept_ra_defrtr = 1
net.ipv6.conf.lo.accept_ra_pinfo = 1
net.ipv6.conf.lo.accept_ra_rt_info_max_plen = 0
net.ipv6.conf.lo.accept_ra_rtr_pref = 1
net.ipv6.conf.lo.accept_redirects = 1
net.ipv6.conf.lo.accept_source_route = 0
net.ipv6.conf.lo.autoconf = 1
net.ipv6.conf.lo.dad_transmits = 1
net.ipv6.conf.lo.disable_ipv6 = 0
net.ipv6.conf.lo.enhanced_dad = 1
net.ipv6.conf.lo.force_mld_version = 0
net.ipv6.conf.lo.force_tllao = 0
net.ipv6.conf.lo.forwarding = 0
net.ipv6.conf.lo.hop_limit = 64
net.ipv6.conf.lo.keep_addr_on_down = 0
net.ipv6.conf.lo.max_addresses = 16
net.ipv6.conf.lo.max_desync_factor = 600
net.ipv6.conf.lo.mc_forwarding = 0
net.ipv6.conf.lo.mldv1_unsolicited_report_interval = 10000
net.ipv6.conf.lo.mldv2_unsolicited_report_interval = 1000
net.ipv6.conf.lo.mtu = 65536
net.ipv6.conf.lo.ndisc_notify = 0
net.ipv6.conf.lo.optimistic_dad = 0
net.ipv6.conf.lo.proxy_ndp = 0
net.ipv6.conf.lo.regen_max_retry = 3
net.ipv6.conf.lo.router_probe_interval = 60
net.ipv6.conf.lo.router_solicitation_delay = 1
net.ipv6.conf.lo.router_solicitation_interval = 4
net.ipv6.conf.lo.router_solicitations = 3
sysctl: reading key "net.ipv6.conf.lo.stable_secret"
net.ipv6.conf.lo.temp_prefered_lft = 86400
net.ipv6.conf.lo.temp_valid_lft = 604800
net.ipv6.conf.lo.use_optimistic = 0
net.ipv6.conf.lo.use_tempaddr = -1
net.ipv6.fwmark_reflect = 0
net.ipv6.icmp.ratelimit = 1000
net.ipv6.idgen_delay = 1
net.ipv6.idgen_retries = 3
net.ipv6.ip6frag_high_thresh = 4194304
net.ipv6.ip6frag_low_thresh = 3145728
net.ipv6.ip6frag_secret_interval = 600
net.ipv6.ip6frag_time = 60
net.ipv6.ip_nonlocal_bind = 0
net.ipv6.mld_max_msf = 64
net.ipv6.mld_qrv = 2
net.ipv6.neigh.default.anycast_delay = 100
net.ipv6.neigh.default.app_solicit = 0
net.ipv6.neigh.default.base_reachable_time_ms = 30000
net.ipv6.neigh.default.delay_first_probe_time = 5
net.ipv6.neigh.default.gc_interval = 30
net.ipv6.neigh.default.gc_stale_time = 60
net.ipv6.neigh.default.gc_thresh1 = 128
net.ipv6.neigh.default.gc_thresh2 = 512
net.ipv6.neigh.default.gc_thresh3 = 1024
net.ipv6.neigh.default.locktime = 0
net.ipv6.neigh.default.mcast_solicit = 3
net.ipv6.neigh.default.proxy_delay = 80
net.ipv6.neigh.default.proxy_qlen = 64
net.ipv6.neigh.default.retrans_time_ms = 1000
net.ipv6.neigh.default.ucast_solicit = 3
net.ipv6.neigh.default.unres_qlen = 31
net.ipv6.neigh.default.unres_qlen_bytes = 65536
net.ipv6.neigh.eth0.anycast_delay = 100
net.ipv6.neigh.eth0.app_solicit = 0
net.ipv6.neigh.eth0.base_reachable_time_ms = 30000
net.ipv6.neigh.eth0.delay_first_probe_time = 5
net.ipv6.neigh.eth0.gc_stale_time = 60
net.ipv6.neigh.eth0.locktime = 0
net.ipv6.neigh.eth0.mcast_solicit = 3
net.ipv6.neigh.eth0.proxy_delay = 80
net.ipv6.neigh.eth0.proxy_qlen = 64
net.ipv6.neigh.eth0.retrans_time_ms = 1000
net.ipv6.neigh.eth0.ucast_solicit = 3
net.ipv6.neigh.eth0.unres_qlen = 31
net.ipv6.neigh.eth0.unres_qlen_bytes = 65536
net.ipv6.neigh.lo.anycast_delay = 100
net.ipv6.neigh.lo.app_solicit = 0
net.ipv6.neigh.lo.base_reachable_time_ms = 30000
net.ipv6.neigh.lo.delay_first_probe_time = 5
net.ipv6.neigh.lo.gc_stale_time = 60
net.ipv6.neigh.lo.locktime = 0
net.ipv6.neigh.lo.mcast_solicit = 3
net.ipv6.neigh.lo.proxy_delay = 80
net.ipv6.neigh.lo.proxy_qlen = 64
net.ipv6.neigh.lo.retrans_time_ms = 1000
net.ipv6.neigh.lo.ucast_solicit = 3
net.ipv6.neigh.lo.unres_qlen = 31
net.ipv6.neigh.lo.unres_qlen_bytes = 65536
net.ipv6.route.gc_elasticity = 9
net.ipv6.route.gc_interval = 30
net.ipv6.route.gc_min_interval = 0
net.ipv6.route.gc_min_interval_ms = 500
net.ipv6.route.gc_thresh = 1024
net.ipv6.route.gc_timeout = 60
net.ipv6.route.max_size = 16384
net.ipv6.route.min_adv_mss = 1220
net.ipv6.route.mtu_expires = 600
net.ipv6.xfrm6_gc_thresh = 32768
net.netfilter.nf_conntrack_acct = 0
net.netfilter.nf_conntrack_buckets = 8192
net.netfilter.nf_conntrack_checksum = 1
net.netfilter.nf_conntrack_count = 145
net.netfilter.nf_conntrack_dccp_loose = 1
net.netfilter.nf_conntrack_dccp_timeout_closereq = 64
net.netfilter.nf_conntrack_dccp_timeout_closing = 64
net.netfilter.nf_conntrack_dccp_timeout_open = 43200
net.netfilter.nf_conntrack_dccp_timeout_partopen = 480
net.netfilter.nf_conntrack_dccp_timeout_request = 240
net.netfilter.nf_conntrack_dccp_timeout_respond = 480
net.netfilter.nf_conntrack_dccp_timeout_timewait = 240
net.netfilter.nf_conntrack_events = 1
net.netfilter.nf_conntrack_events_retry_timeout = 15
net.netfilter.nf_conntrack_expect_max = 120
net.netfilter.nf_conntrack_frag6_high_thresh = 4194304
net.netfilter.nf_conntrack_frag6_low_thresh = 3145728
net.netfilter.nf_conntrack_frag6_timeout = 60
net.netfilter.nf_conntrack_generic_timeout = 600
net.netfilter.nf_conntrack_helper = 1
net.netfilter.nf_conntrack_icmp_timeout = 30
net.netfilter.nf_conntrack_icmpv6_timeout = 30
net.netfilter.nf_conntrack_log_invalid = 0
net.netfilter.nf_conntrack_max = 31716
net.netfilter.nf_conntrack_sctp_timeout_closed = 10
net.netfilter.nf_conntrack_sctp_timeout_cookie_echoed = 3
net.netfilter.nf_conntrack_sctp_timeout_cookie_wait = 3
net.netfilter.nf_conntrack_sctp_timeout_established = 432000
net.netfilter.nf_conntrack_sctp_timeout_heartbeat_acked = 210
net.netfilter.nf_conntrack_sctp_timeout_heartbeat_sent = 30
net.netfilter.nf_conntrack_sctp_timeout_shutdown_ack_sent = 3
net.netfilter.nf_conntrack_sctp_timeout_shutdown_recd = 0
net.netfilter.nf_conntrack_sctp_timeout_shutdown_sent = 0
net.netfilter.nf_conntrack_tcp_be_liberal = 0
net.netfilter.nf_conntrack_tcp_loose = 1
net.netfilter.nf_conntrack_tcp_max_retrans = 3
net.netfilter.nf_conntrack_tcp_timeout_close = 10
net.netfilter.nf_conntrack_tcp_timeout_close_wait = 60
net.netfilter.nf_conntrack_tcp_timeout_established = 432000
net.netfilter.nf_conntrack_tcp_timeout_fin_wait = 120
net.netfilter.nf_conntrack_tcp_timeout_last_ack = 30
net.netfilter.nf_conntrack_tcp_timeout_max_retrans = 300
net.netfilter.nf_conntrack_tcp_timeout_syn_recv = 60
net.netfilter.nf_conntrack_tcp_timeout_syn_sent = 120
net.netfilter.nf_conntrack_tcp_timeout_time_wait = 120
net.netfilter.nf_conntrack_tcp_timeout_unacknowledged = 300
net.netfilter.nf_conntrack_timestamp = 0
net.netfilter.nf_conntrack_udp_timeout = 30
net.netfilter.nf_conntrack_udp_timeout_stream = 180
net.netfilter.nf_log.0 = NONE
net.netfilter.nf_log.1 = NONE
net.netfilter.nf_log.10 = NONE
net.netfilter.nf_log.11 = NONE
net.netfilter.nf_log.12 = NONE
net.netfilter.nf_log.2 = NONE
net.netfilter.nf_log.3 = NONE
net.netfilter.nf_log.4 = NONE
net.netfilter.nf_log.5 = NONE
net.netfilter.nf_log.6 = NONE
net.netfilter.nf_log.7 = NONE
net.netfilter.nf_log.8 = NONE
net.netfilter.nf_log.9 = NONE
net.netfilter.nf_log_all_netns = 0
net.nf_conntrack_max = 31716
net.unix.max_dgram_qlen = 512
user.max_ipc_namespaces = 3870
user.max_mnt_namespaces = 3870
user.max_net_namespaces = 3870
user.max_pid_namespaces = 3870
user.max_user_namespaces = 0
user.max_uts_namespaces = 3870
vm.admin_reserve_kbytes = 8192
vm.block_dump = 0
vm.dirty_background_bytes = 0
vm.dirty_background_ratio = 10
vm.dirty_bytes = 0
vm.dirty_expire_centisecs = 3000
vm.dirty_ratio = 30
vm.dirty_writeback_centisecs = 500
vm.drop_caches = 0
vm.extfrag_threshold = 500
vm.hugepages_treat_as_movable = 0
vm.hugetlb_shm_group = 0
vm.laptop_mode = 0
vm.legacy_va_layout = 0
vm.lowmem_reserve_ratio = 256	256	32
vm.max_map_count = 65530
vm.memory_failure_early_kill = 0
vm.memory_failure_recovery = 1
vm.min_free_kbytes = 45056
vm.min_slab_ratio = 5
vm.min_unmapped_ratio = 1
vm.mmap_min_addr = 4096
vm.mmap_rnd_bits = 28
vm.mmap_rnd_compat_bits = 8
vm.nr_hugepages = 0
vm.nr_hugepages_mempolicy = 0
vm.nr_overcommit_hugepages = 0
vm.nr_pdflush_threads = 0
vm.numa_zonelist_order = default
vm.oom_dump_tasks = 1
vm.oom_kill_allocating_task = 0
vm.overcommit_kbytes = 0
vm.overcommit_memory = 0
vm.overcommit_ratio = 50
vm.page-cluster = 3
vm.panic_on_oom = 0
vm.percpu_pagelist_fraction = 0
vm.stat_interval = 1
vm.swappiness = 30
vm.user_reserve_kbytes = 29563
vm.vfs_cache_pressure = 100
vm.zone_reclaim_mode = 0
 
########### /ETC/FSTAB Entry ###########

#
# /etc/fstab
# Created by anaconda on Fri Jun  7 17:56:30 2019
#
# Accessible filesystems, by reference, are maintained under '/dev/disk'
# See man pages fstab(5), findfs(8), mount(8) and/or blkid(8) for more info
#
/dev/mapper/centos-root /                       xfs     defaults        0 0
UUID=74ba65d2-24ad-47a4-a975-96ab58ae180c /boot                   xfs     defaults        0 0
/dev/mapper/centos-swap swap                    swap    defaults        0 0
 
########### NETWORK INFORMATION ##########
/home/ursravik/.ansible/tmp/ansible-tmp-1560007356.23-47772043788660/pre-check.sh: line 48: /sbin/ifconfig: No such file or directory
 
 ########### VIP DETAILS ###########
1: lo: <LOOPBACK,UP,LOWER_UP> mtu 65536 qdisc noqueue state UNKNOWN group default qlen 1000
    link/loopback 00:00:00:00:00:00 brd 00:00:00:00:00:00
    inet 127.0.0.1/8 scope host lo
       valid_lft forever preferred_lft forever
    inet6 ::1/128 scope host 
       valid_lft forever preferred_lft forever
2: eth0: <BROADCAST,MULTICAST,UP,LOWER_UP> mtu 1500 qdisc pfifo_fast state UP group default qlen 1000
    link/ether 52:54:00:39:df:41 brd ff:ff:ff:ff:ff:ff
    inet 192.168.122.129/24 brd 192.168.122.255 scope global noprefixroute dynamic eth0
       valid_lft 302226sec preferred_lft 302226sec
    inet6 fe80::f82:9f51:7f44:825c/64 scope link noprefixroute 
       valid_lft forever preferred_lft forever
 
 ########### LINK STATUS ###########
/home/ursravik/.ansible/tmp/ansible-tmp-1560007356.23-47772043788660/pre-check.sh: line 122: /sbin/ifconfig: No such file or directory
 
########### ROUTING TABLE ###########
/home/ursravik/.ansible/tmp/ansible-tmp-1560007356.23-47772043788660/pre-check.sh: line 65: netstat: command not found
 
/home/ursravik/.ansible/tmp/ansible-tmp-1560007356.23-47772043788660/pre-check.sh: line 67: route: command not found
 
######### Number of route ###########
/home/ursravik/.ansible/tmp/ansible-tmp-1560007356.23-47772043788660/pre-check.sh: line 70: route: command not found

 
########### ntp config  ###########
cat: /etc/ntp.conf: No such file or directory
 
##########DNS INFO ###########
# Generated by NetworkManager
search default test.lab
nameserver 192.168.122.1
 
########## /etc/hosts info ###########
127.0.0.1   localhost localhost.localdomain localhost4 localhost4.localdomain4
::1         localhost localhost.localdomain localhost6 localhost6.localdomain6
 
########## crontabe info ###########
no crontab for root
 
########## IP Tables info ###########
Chain INPUT (policy ACCEPT)
target     prot opt source               destination         
ACCEPT     all  --  anywhere             anywhere             ctstate RELATED,ESTABLISHED
ACCEPT     all  --  anywhere             anywhere            
INPUT_direct  all  --  anywhere             anywhere            
INPUT_ZONES_SOURCE  all  --  anywhere             anywhere            
INPUT_ZONES  all  --  anywhere             anywhere            
DROP       all  --  anywhere             anywhere             ctstate INVALID
REJECT     all  --  anywhere             anywhere             reject-with icmp-host-prohibited

Chain FORWARD (policy ACCEPT)
target     prot opt source               destination         
ACCEPT     all  --  anywhere             anywhere             ctstate RELATED,ESTABLISHED
ACCEPT     all  --  anywhere             anywhere            
FORWARD_direct  all  --  anywhere             anywhere            
FORWARD_IN_ZONES_SOURCE  all  --  anywhere             anywhere            
FORWARD_IN_ZONES  all  --  anywhere             anywhere            
FORWARD_OUT_ZONES_SOURCE  all  --  anywhere             anywhere            
FORWARD_OUT_ZONES  all  --  anywhere             anywhere            
DROP       all  --  anywhere             anywhere             ctstate INVALID
REJECT     all  --  anywhere             anywhere             reject-with icmp-host-prohibited

Chain OUTPUT (policy ACCEPT)
target     prot opt source               destination         
OUTPUT_direct  all  --  anywhere             anywhere            

Chain FORWARD_IN_ZONES (1 references)
target     prot opt source               destination         
FWDI_public  all  --  anywhere             anywhere            [goto] 
FWDI_public  all  --  anywhere             anywhere            [goto] 

Chain FORWARD_IN_ZONES_SOURCE (1 references)
target     prot opt source               destination         

Chain FORWARD_OUT_ZONES (1 references)
target     prot opt source               destination         
FWDO_public  all  --  anywhere             anywhere            [goto] 
FWDO_public  all  --  anywhere             anywhere            [goto] 

Chain FORWARD_OUT_ZONES_SOURCE (1 references)
target     prot opt source               destination         

Chain FORWARD_direct (1 references)
target     prot opt source               destination         

Chain FWDI_public (2 references)
target     prot opt source               destination         
FWDI_public_log  all  --  anywhere             anywhere            
FWDI_public_deny  all  --  anywhere             anywhere            
FWDI_public_allow  all  --  anywhere             anywhere            
ACCEPT     icmp --  anywhere             anywhere            

Chain FWDI_public_allow (1 references)
target     prot opt source               destination         

Chain FWDI_public_deny (1 references)
target     prot opt source               destination         

Chain FWDI_public_log (1 references)
target     prot opt source               destination         

Chain FWDO_public (2 references)
target     prot opt source               destination         
FWDO_public_log  all  --  anywhere             anywhere            
FWDO_public_deny  all  --  anywhere             anywhere            
FWDO_public_allow  all  --  anywhere             anywhere            

Chain FWDO_public_allow (1 references)
target     prot opt source               destination         

Chain FWDO_public_deny (1 references)
target     prot opt source               destination         

Chain FWDO_public_log (1 references)
target     prot opt source               destination         

Chain INPUT_ZONES (1 references)
target     prot opt source               destination         
IN_public  all  --  anywhere             anywhere            [goto] 
IN_public  all  --  anywhere             anywhere            [goto] 

Chain INPUT_ZONES_SOURCE (1 references)
target     prot opt source               destination         

Chain INPUT_direct (1 references)
target     prot opt source               destination         

Chain IN_public (2 references)
target     prot opt source               destination         
IN_public_log  all  --  anywhere             anywhere            
IN_public_deny  all  --  anywhere             anywhere            
IN_public_allow  all  --  anywhere             anywhere            
ACCEPT     icmp --  anywhere             anywhere            

Chain IN_public_allow (1 references)
target     prot opt source               destination         
ACCEPT     tcp  --  anywhere             anywhere             tcp dpt:ssh ctstate NEW

Chain IN_public_deny (1 references)
target     prot opt source               destination         

Chain IN_public_log (1 references)
target     prot opt source               destination         

Chain OUTPUT_direct (1 references)
target     prot opt source               destination         
 
########## Disk details info ###########
########## PV details info ###########
  PV         VG     Fmt  Attr PSize  PFree
  /dev/vda2  centos lvm2 a--  <4.00g    0 
 
########## VG details info ###########
  VG     #PV #LV #SN Attr   VSize  VFree
  centos   1   2   0 wz--n- <4.00g    0 
 
########## LV details info ###########
  LV   VG     Attr       LSize   Pool Origin Data%  Meta%  Move Log Cpy%Sync Convert
  root centos -wi-ao----  <3.50g                                                    
  swap centos -wi-ao---- 512.00m                                                    
 
########## Oracle DB status ###########
root      4063  4011  0 20:52 pts/0    00:00:00 grep -i pmon
 
########## kern ##########
3.10.0-957.el7.x86_64
 
########## print running service ###########
 
########## mount output ###########
sysfs on /sys type sysfs (rw,nosuid,nodev,noexec,relatime,seclabel)
proc on /proc type proc (rw,nosuid,nodev,noexec,relatime)
devtmpfs on /dev type devtmpfs (rw,nosuid,seclabel,size=495412k,nr_inodes=123853,mode=755)
securityfs on /sys/kernel/security type securityfs (rw,nosuid,nodev,noexec,relatime)
tmpfs on /dev/shm type tmpfs (rw,nosuid,nodev,seclabel)
devpts on /dev/pts type devpts (rw,nosuid,noexec,relatime,seclabel,gid=5,mode=620,ptmxmode=000)
tmpfs on /run type tmpfs (rw,nosuid,nodev,seclabel,mode=755)
tmpfs on /sys/fs/cgroup type tmpfs (ro,nosuid,nodev,noexec,seclabel,mode=755)
cgroup on /sys/fs/cgroup/systemd type cgroup (rw,nosuid,nodev,noexec,relatime,seclabel,xattr,release_agent=/usr/lib/systemd/systemd-cgroups-agent,name=systemd)
pstore on /sys/fs/pstore type pstore (rw,nosuid,nodev,noexec,relatime)
cgroup on /sys/fs/cgroup/cpuset type cgroup (rw,nosuid,nodev,noexec,relatime,seclabel,cpuset)
cgroup on /sys/fs/cgroup/net_cls,net_prio type cgroup (rw,nosuid,nodev,noexec,relatime,seclabel,net_prio,net_cls)
cgroup on /sys/fs/cgroup/hugetlb type cgroup (rw,nosuid,nodev,noexec,relatime,seclabel,hugetlb)
cgroup on /sys/fs/cgroup/cpu,cpuacct type cgroup (rw,nosuid,nodev,noexec,relatime,seclabel,cpuacct,cpu)
cgroup on /sys/fs/cgroup/freezer type cgroup (rw,nosuid,nodev,noexec,relatime,seclabel,freezer)
cgroup on /sys/fs/cgroup/blkio type cgroup (rw,nosuid,nodev,noexec,relatime,seclabel,blkio)
cgroup on /sys/fs/cgroup/devices type cgroup (rw,nosuid,nodev,noexec,relatime,seclabel,devices)
cgroup on /sys/fs/cgroup/pids type cgroup (rw,nosuid,nodev,noexec,relatime,seclabel,pids)
cgroup on /sys/fs/cgroup/perf_event type cgroup (rw,nosuid,nodev,noexec,relatime,seclabel,perf_event)
cgroup on /sys/fs/cgroup/memory type cgroup (rw,nosuid,nodev,noexec,relatime,seclabel,memory)
configfs on /sys/kernel/config type configfs (rw,relatime)
/dev/mapper/centos-root on / type xfs (rw,relatime,seclabel,attr2,inode64,noquota)
selinuxfs on /sys/fs/selinux type selinuxfs (rw,relatime)
systemd-1 on /proc/sys/fs/binfmt_misc type autofs (rw,relatime,fd=27,pgrp=1,timeout=0,minproto=5,maxproto=5,direct,pipe_ino=15260)
hugetlbfs on /dev/hugepages type hugetlbfs (rw,relatime,seclabel)
mqueue on /dev/mqueue type mqueue (rw,relatime,seclabel)
debugfs on /sys/kernel/debug type debugfs (rw,relatime)
/dev/vda1 on /boot type xfs (rw,relatime,seclabel,attr2,inode64,noquota)
tmpfs on /run/user/1000 type tmpfs (rw,nosuid,nodev,relatime,seclabel,size=101500k,mode=700,uid=1000,gid=1000)
binfmt_misc on /proc/sys/fs/binfmt_misc type binfmt_misc (rw,relatime)
 