bind-libs-lite.x86_64                    32:9.9.4-73.el7_6               updates
bind-license.noarch                      32:9.9.4-73.el7_6               updates
dbus.x86_64                              1:1.10.24-13.el7_6              updates
dbus-libs.x86_64                         1:1.10.24-13.el7_6              updates
device-mapper.x86_64                     7:1.02.149-10.el7_6.7           updates
device-mapper-event.x86_64               7:1.02.149-10.el7_6.7           updates
device-mapper-event-libs.x86_64          7:1.02.149-10.el7_6.7           updates
device-mapper-libs.x86_64                7:1.02.149-10.el7_6.7           updates
freetype.x86_64                          2.8-12.el7_6.1                  updates
iproute.x86_64                           4.11.0-14.el7_6.2               updates
ipset.x86_64                             6.38-3.el7_6                    updates
ipset-libs.x86_64                        6.38-3.el7_6                    updates
kernel.x86_64                            3.10.0-957.12.2.el7             updates
kernel-tools.x86_64                      3.10.0-957.12.2.el7             updates
kernel-tools-libs.x86_64                 3.10.0-957.12.2.el7             updates
kexec-tools.x86_64                       2.0.15-21.el7_6.3               updates
krb5-libs.x86_64                         1.15.1-37.el7_6                 updates
libblkid.x86_64                          2.23.2-59.el7_6.1               updates
libgcc.x86_64                            4.8.5-36.el7_6.2                updates
libgomp.x86_64                           4.8.5-36.el7_6.2                updates
libmount.x86_64                          2.23.2-59.el7_6.1               updates
libsmartcols.x86_64                      2.23.2-59.el7_6.1               updates
libssh2.x86_64                           1.4.3-12.el7_6.2                updates
libstdc++.x86_64                         4.8.5-36.el7_6.2                updates
libuuid.x86_64                           2.23.2-59.el7_6.1               updates
lvm2.x86_64                              7:2.02.180-10.el7_6.7           updates
lvm2-libs.x86_64                         7:2.02.180-10.el7_6.7           updates
microcode_ctl.x86_64                     2:2.1-47.2.el7_6                updates
nss.x86_64                               3.36.0-7.1.el7_6                updates
nss-pem.x86_64                           1.0.3-5.el7_6.1                 updates
nss-sysinit.x86_64                       3.36.0-7.1.el7_6                updates
nss-tools.x86_64                         3.36.0-7.1.el7_6                updates
nss-util.x86_64                          3.36.0-1.1.el7_6                updates
policycoreutils.x86_64                   2.5-29.el7_6.1                  updates
python-perf.x86_64                       3.10.0-957.12.2.el7             updates
selinux-policy.noarch                    3.13.1-229.el7_6.12             updates
selinux-policy-targeted.noarch           3.13.1-229.el7_6.12             updates
shadow-utils.x86_64                      2:4.1.5.1-25.el7_6.1            updates
tuned.noarch                             2.10.0-6.el7_6.3                updates
tzdata.noarch                            2019a-1.el7                     updates
util-linux.x86_64                        2.23.2-59.el7_6.1               updates
xfsprogs.x86_64                          4.5.0-19.el7_6                  updates